<?xml version="1.0" encoding="UTF-8"?>
<testng-results skipped="0" failed="0" ignored="0" total="1" passed="1">
  <reporter-output>
  </reporter-output>
  <suite name="Suite" duration-ms="6863" started-at="2017-07-18T02:23:08Z" finished-at="2017-07-18T02:23:15Z">
    <groups>
      <group name="Smoke Test">
        <method signature="smokesz.test()[pri:0, instance:smoketest.smokesz@34340fab]" name="test" class="smoketest.smokesz"/>
      </group> <!-- Smoke Test -->
    </groups>
    <test name="Test" duration-ms="6863" started-at="2017-07-18T02:23:08Z" finished-at="2017-07-18T02:23:15Z">
      <class name="smoketest.smokesz">
        <test-method status="PASS" signature="test()[pri:0, instance:smoketest.smokesz@34340fab]" name="test" duration-ms="6847" started-at="2017-07-17T19:23:08Z" finished-at="2017-07-17T19:23:15Z">
          <reporter-output>
          </reporter-output>
        </test-method> <!-- test -->
      </class> <!-- smoketest.smokesz -->
    </test> <!-- Test -->
  </suite> <!-- Suite -->
</testng-results>
